<?xml version="1.0" encoding="UTF-8"?>
<!-- Generated by org.testng.reporters.JUnitReportReporter -->
<testsuite hostname="inspiron-14" failures="0" tests="5" name="org.wso2.carbon.identity.hash.provider.bcrypt.BCRYPTHashProviderFactoryTest" time="0.020" errors="0" timestamp="20 Oct 2024 07:15:49 GMT">
  <testcase classname="org.wso2.carbon.identity.hash.provider.bcrypt.BCRYPTHashProviderFactoryTest" name="testGetAlgorithm" time="0.012"/>
  <testcase classname="org.wso2.carbon.identity.hash.provider.bcrypt.BCRYPTHashProviderFactoryTest" name="testGetHashProviderWithParams" time="0.002"/>
  <testcase classname="org.wso2.carbon.identity.hash.provider.bcrypt.BCRYPTHashProviderFactoryTest" name="testGetHashProviderWithDefaultParams" time="0.002"/>
  <testcase classname="org.wso2.carbon.identity.hash.provider.bcrypt.BCRYPTHashProviderFactoryTest" name="testGetConfigProperties" time="0.002"/>
  <testcase classname="org.wso2.carbon.identity.hash.provider.bcrypt.BCRYPTHashProviderFactoryTest" name="testGetHashProviderWithParams" time="0.002"/>
</testsuite> <!-- org.wso2.carbon.identity.hash.provider.bcrypt.BCRYPTHashProviderFactoryTest -->
