<?xml version="1.0" encoding="UTF-8"?>
<!-- Generated by org.testng.reporters.JUnitReportReporter -->
<testsuite hostname="inspiron-14" failures="0" tests="14" name="org.wso2.carbon.identity.hash.provider.bcrypt.BCRYPTHashProviderTest" time="0.597" errors="0" timestamp="20 Oct 2024 07:32:24 GMT">
  <testcase classname="org.wso2.carbon.identity.hash.provider.bcrypt.BCRYPTHashProviderTest" name="testInitConfigParams" time="0.001"/>
  <testcase classname="org.wso2.carbon.identity.hash.provider.bcrypt.BCRYPTHashProviderTest" name="testGetHash" time="0.169"/>
  <testcase classname="org.wso2.carbon.identity.hash.provider.bcrypt.BCRYPTHashProviderTest" name="testGetAlgorithm" time="0.003"/>
  <testcase classname="org.wso2.carbon.identity.hash.provider.bcrypt.BCRYPTHashProviderTest" name="testGetHash" time="0.170"/>
  <testcase classname="org.wso2.carbon.identity.hash.provider.bcrypt.BCRYPTHashProviderTest" name="testHashProviderErrorScenarios" time="0.000"/>
  <testcase classname="org.wso2.carbon.identity.hash.provider.bcrypt.BCRYPTHashProviderTest" name="testInitConfigParams" time="0.000"/>
  <testcase classname="org.wso2.carbon.identity.hash.provider.bcrypt.BCRYPTHashProviderTest" name="testHashProviderErrorScenarios" time="0.001"/>
  <testcase classname="org.wso2.carbon.identity.hash.provider.bcrypt.BCRYPTHashProviderTest" name="testInitConfigParams" time="0.000"/>
  <testcase classname="org.wso2.carbon.identity.hash.provider.bcrypt.BCRYPTHashProviderTest" name="testInitConfigParams" time="0.000"/>
  <testcase classname="org.wso2.carbon.identity.hash.provider.bcrypt.BCRYPTHashProviderTest" name="testInitConfig" time="0.001"/>
  <testcase classname="org.wso2.carbon.identity.hash.provider.bcrypt.BCRYPTHashProviderTest" name="testGetHash" time="0.192"/>
  <testcase classname="org.wso2.carbon.identity.hash.provider.bcrypt.BCRYPTHashProviderTest" name="testHashProviderErrorScenarios" time="0.001"/>
  <testcase classname="org.wso2.carbon.identity.hash.provider.bcrypt.BCRYPTHashProviderTest" name="testInitConfigParams" time="0.001"/>
  <testcase classname="org.wso2.carbon.identity.hash.provider.bcrypt.BCRYPTHashProviderTest" name="testHashProviderErrorScenarios" time="0.058"/>
</testsuite> <!-- org.wso2.carbon.identity.hash.provider.bcrypt.BCRYPTHashProviderTest -->
